============================= test session starts ==============================
platform darwin -- Python 3.9.6, pytest-8.4.2, pluggy-1.6.0 -- /Users/david.donaldson/Library/CloudStorage/OneDrive-Slalom/Desktop/Idea/.venv/bin/python
cachedir: .pytest_cache
rootdir: /Users/david.donaldson/Library/CloudStorage/OneDrive-Slalom/Desktop/Idea
configfile: pytest.ini
plugins: cov-7.0.0
collecting ... collected 134 items

tests/test_constants.py::TestWindowConstants::test_window_dimensions_positive PASSED [  0%]
tests/test_constants.py::TestWindowConstants::test_window_dimensions_reasonable PASSED [  1%]
tests/test_constants.py::TestWindowConstants::test_board_y_position PASSED [  2%]
tests/test_constants.py::TestColorConstants::test_colors_are_tuples PASSED [  2%]
tests/test_constants.py::TestColorConstants::test_color_values_in_range PASSED [  3%]
tests/test_constants.py::TestColorConstants::test_basic_colors_correct PASSED [  4%]
tests/test_constants.py::TestFontConstants::test_font_name_is_string PASSED [  5%]
tests/test_constants.py::TestFontConstants::test_font_sizes_dictionary PASSED [  5%]
tests/test_constants.py::TestFontConstants::test_font_sizes_order PASSED [  6%]
tests/test_constants.py::TestDifficultySettings::test_all_difficulties_present PASSED [  7%]
tests/test_constants.py::TestDifficultySettings::test_easy_settings PASSED [  8%]
tests/test_constants.py::TestDifficultySettings::test_medium_settings PASSED [  8%]
tests/test_constants.py::TestDifficultySettings::test_hard_settings PASSED [  9%]
tests/test_constants.py::TestDifficultySettings::test_grid_box_relationship PASSED [ 10%]
tests/test_constants.py::TestDifficultySettings::test_symbols_match_grid_size PASSED [ 11%]
tests/test_constants.py::TestDifficultySettings::test_difficulty_progression PASSED [ 11%]
tests/test_constants.py::TestDifficultySettings::test_cells_to_remove_reasonable PASSED [ 12%]
tests/test_constants.py::TestAnimationConstants::test_animation_speed_positive PASSED [ 13%]
tests/test_constants.py::TestAnimationConstants::test_fps_reasonable PASSED [ 14%]
tests/test_constants.py::TestAnimationConstants::test_fps_positive PASSED [ 14%]
tests/test_constants.py::TestConstantsIntegrity::test_no_none_values PASSED [ 15%]
tests/test_constants.py::TestConstantsIntegrity::test_difficulty_settings_completeness PASSED [ 16%]
tests/test_game_logic.py::TestPuzzleGeneration::test_generate_9x9_complete_sudoku PASSED [ 17%]
tests/test_game_logic.py::TestPuzzleGeneration::test_generate_16x16_complete_sudoku PASSED [ 17%]
tests/test_game_logic.py::TestPuzzleGeneration::test_generate_25x25_complete_sudoku PASSED [ 18%]
tests/test_game_logic.py::TestPuzzleGeneration::test_generated_board_is_valid PASSED [ 19%]
tests/test_game_logic.py::TestValidPlacement::test_valid_placement_empty_cell PASSED [ 20%]
tests/test_game_logic.py::TestValidPlacement::test_invalid_placement_row_conflict PASSED [ 20%]
tests/test_game_logic.py::TestValidPlacement::test_invalid_placement_column_conflict PASSED [ 21%]
tests/test_game_logic.py::TestValidPlacement::test_invalid_placement_box_conflict PASSED [ 22%]
tests/test_game_logic.py::TestValidPlacement::test_valid_placement_different_box PASSED [ 23%]
tests/test_game_logic.py::TestRemoveNumbers::test_remove_exact_count PASSED [ 23%]
tests/test_game_logic.py::TestRemoveNumbers::test_remove_all_cells PASSED [ 24%]
tests/test_game_logic.py::TestRemoveNumbers::test_remove_zero_cells PASSED [ 25%]
tests/test_game_logic.py::TestPossibleValues::test_possible_values_empty_cell PASSED [ 26%]
tests/test_game_logic.py::TestPossibleValues::test_possible_values_filled_cell PASSED [ 26%]
tests/test_game_logic.py::TestPossibleValues::test_possible_values_constrained_cell PASSED [ 27%]
tests/test_game_logic.py::TestPossibleValues::test_possible_values_no_options PASSED [ 28%]
tests/test_game_logic.py::TestAutoFill::test_find_auto_fill_single_cell PASSED [ 29%]
tests/test_game_logic.py::TestAutoFill::test_find_auto_fill_cascade PASSED [ 29%]
tests/test_game_logic.py::TestAutoFill::test_auto_fill_no_cells PASSED   [ 30%]
tests/test_game_logic.py::TestAutoFill::test_auto_fill_preserves_initial_cells PASSED [ 31%]
tests/test_game_logic.py::TestAutoFill::test_auto_fill_with_source_cell PASSED [ 32%]
tests/test_game_logic.py::TestPuzzleCompletion::test_complete_correct_puzzle PASSED [ 32%]
tests/test_game_logic.py::TestPuzzleCompletion::test_incomplete_puzzle PASSED [ 33%]
tests/test_game_logic.py::TestPuzzleCompletion::test_complete_wrong_puzzle PASSED [ 34%]
tests/test_game_logic.py::TestSolutionStatus::test_solution_status_empty_board PASSED [ 35%]
tests/test_game_logic.py::TestSolutionStatus::test_solution_status_all_correct PASSED [ 35%]
tests/test_game_logic.py::TestSolutionStatus::test_solution_status_mixed PASSED [ 36%]
tests/test_game_logic.py::TestDifferentGridSizes::test_16x16_validation PASSED [ 37%]
tests/test_game_logic.py::TestDifferentGridSizes::test_25x25_validation PASSED [ 38%]
tests/test_game_logic.py::TestDifferentGridSizes::test_possible_values_16x16 PASSED [ 38%]
tests/test_game_logic.py::TestEdgeCases::test_fill_board_backtracking 